SF:lib/features/fruit_shop/domain/entities/cart_entity.dart
DA:8,3
DA:9,1
DA:10,2
LF:3
LH:3
end_of_record
SF:lib/features/fruit_shop/domain/entities/cart_item_entity.dart
DA:9,2
DA:10,1
DA:11,3
LF:3
LH:3
end_of_record
SF:lib/features/fruit_shop/domain/entities/product_entity.dart
DA:9,1
DA:16,1
DA:17,5
LF:3
LH:3
end_of_record
SF:lib/features/fruit_shop/presentation/stores/cart/cart_bloc.dart
DA:17,2
DA:18,2
DA:19,3
DA:21,3
DA:23,2
DA:24,1
DA:26,2
DA:27,3
DA:28,2
DA:30,4
DA:31,1
DA:33,2
DA:34,1
DA:37,4
LF:14
LH:14
end_of_record
SF:lib/core/errors/failures.dart
DA:4,0
DA:5,0
LF:2
LH:0
end_of_record
SF:lib/features/fruit_shop/domain/usecases/search_products/search_product_usecase_impl.dart
DA:11,0
DA:13,0
DA:15,0
LF:3
LH:0
end_of_record
