SF:lib/features/fruit_shop/domain/entities/cart_entity.dart
DA:8,3
DA:9,1
DA:10,2
LF:3
LH:3
end_of_record
SF:lib/features/fruit_shop/domain/entities/cart_item_entity.dart
DA:9,1
DA:10,1
DA:11,3
DA:13,0
DA:15,1
DA:16,1
DA:17,1
LF:7
LH:6
end_of_record
SF:lib/features/fruit_shop/domain/entities/product_entity.dart
DA:9,1
DA:16,1
DA:17,5
LF:3
LH:3
end_of_record
SF:lib/features/fruit_shop/presentation/stores/cart/cart_bloc.dart
DA:22,2
DA:23,2
DA:24,2
DA:25,2
DA:26,2
DA:29,1
DA:30,3
DA:32,3
DA:34,2
DA:35,1
DA:38,1
DA:39,3
DA:40,2
DA:42,4
DA:43,1
DA:45,2
DA:46,1
DA:49,4
DA:53,1
DA:54,3
DA:55,1
DA:56,2
DA:57,4
DA:58,1
DA:59,3
DA:61,1
DA:62,4
DA:66,1
DA:67,3
DA:68,1
DA:69,2
DA:71,5
DA:72,1
DA:73,1
DA:74,1
DA:75,4
DA:77,1
DA:79,4
DA:83,0
DA:84,0
DA:86,0
LF:41
LH:38
end_of_record
SF:lib/core/errors/failures.dart
DA:4,0
DA:5,0
LF:2
LH:0
end_of_record
SF:lib/core/extensions/double_extensions.dart
DA:4,0
DA:6,0
DA:7,0
LF:3
LH:0
end_of_record
SF:lib/features/fruit_shop/presentation/pdf/pdf_generator.dart
DA:10,0
DA:11,0
DA:13,0
DA:14,0
DA:15,0
DA:16,0
DA:17,0
DA:18,0
DA:22,0
DA:23,0
DA:26,0
DA:27,0
DA:31,0
DA:33,0
DA:34,0
DA:36,0
DA:41,0
DA:42,0
DA:44,0
DA:55,0
DA:56,0
DA:60,0
DA:61,0
DA:63,0
DA:64,0
DA:65,0
DA:66,0
DA:76,0
DA:77,0
DA:80,0
DA:82,0
DA:83,0
DA:85,0
DA:89,0
DA:93,0
DA:99,0
DA:100,0
DA:102,0
DA:105,0
DA:106,0
DA:107,0
DA:108,0
DA:109,0
DA:110,0
LF:44
LH:0
end_of_record
SF:lib/features/fruit_shop/infra/models/cart_model.dart
DA:5,0
DA:7,0
DA:8,0
LF:3
LH:0
end_of_record
SF:lib/features/fruit_shop/infra/services/print_cart_invoice_service_impl.dart
DA:13,0
DA:15,0
DA:17,0
DA:18,0
DA:19,0
LF:5
LH:0
end_of_record
